#
#model:
#
#<?xml version="1.0" encoding="UTF-8" standalone="no"?><input id="posterior" spec="beast.core.util.CompoundDistribution">
#    <distribution id="prior" spec="beast.core.util.CompoundDistribution">
#        <distribution id="BirthDeath.t:twin_alignment_evidence" spec="beast.evolution.speciation.BirthDeathGernhard08Model">
#            <parameter id="BDDeathRate.t:twin_alignment_evidence" lower="0.0" name="relativeDeathRate" spec="beast.core.parameter.RealParameter" upper="1.0">0.5</parameter>
#            <parameter id="BDBirthRate.t:twin_alignment_evidence" lower="0.0" name="birthDiffRate" spec="beast.core.parameter.RealParameter" upper="10000.0">1.0</parameter>
#            <tree id="Tree.t:twin_alignment_evidence" spec="beast.evolution.tree.Tree">
#                <taxonset id="TaxonSet.twin_alignment_evidence" spec="beast.evolution.alignment.TaxonSet">
#                </taxonset>
#            </tree>
#        </distribution>
#        <prior id="BirthRatePrior.t:twin_alignment_evidence" name="distribution" x="@BDBirthRate.t:twin_alignment_evidence">
#            <Uniform id="Uniform.100" name="distr" upper="Infinity"/>
#        </prior>
#        <prior id="DeathRatePrior.t:twin_alignment_evidence" name="distribution" x="@BDDeathRate.t:twin_alignment_evidence">
#            <Uniform id="Uniform.101" name="distr" upper="Infinity"/>
#        </prior>
#        <prior id="KappaPrior.s:twin_alignment_evidence" name="distribution">
#            <parameter id="kappa.s:twin_alignment_evidence" lower="0.0" name="x" spec="beast.core.parameter.RealParameter">2.0</parameter>
#            <LogNormal id="LogNormalDistributionModel.0" name="distr">
#                <parameter estimate="false" id="RealParameter.0" name="M" spec="beast.core.parameter.RealParameter">1.0</parameter>
#                <parameter estimate="false" id="RealParameter.1" lower="0.0" name="S" spec="beast.core.parameter.RealParameter" upper="Infinity">1.25</parameter>
#            </LogNormal>
#        </prior>
#    </distribution>
#    <distribution id="likelihood" spec="beast.core.util.CompoundDistribution" useThreads="true">
#        <distribution data="@twin_alignment_evidence" id="treeLikelihood.twin_alignment_evidence" spec="beast.evolution.likelihood.ThreadedTreeLikelihood" tree="@Tree.t:twin_alignment_evidence">
#            <siteModel id="SiteModel.s:twin_alignment_evidence" spec="beast.evolution.sitemodel.SiteModel">
#                <parameter estimate="false" id="mutationRate.s:twin_alignment_evidence" name="mutationRate" spec="beast.core.parameter.RealParameter">1.0</parameter>
#                <parameter estimate="false" id="gammaShape.s:twin_alignment_evidence" name="shape" spec="beast.core.parameter.RealParameter">1.0</parameter>
#                <parameter estimate="false" id="proportionInvariant.s:twin_alignment_evidence" lower="0.0" name="proportionInvariant" spec="beast.core.parameter.RealParameter" upper="1.0">0.0</parameter>
#                <substModel id="hky.s:twin_alignment_evidence" kappa="@kappa.s:twin_alignment_evidence" spec="beast.evolution.substitutionmodel.HKY">
#                    <frequencies id="estimatedFreqs.s:twin_alignment_evidence" spec="beast.evolution.substitutionmodel.Frequencies">
#                        <parameter dimension="4" id="freqParameter.s:twin_alignment_evidence" lower="0.0" name="frequencies" spec="beast.core.parameter.RealParameter" upper="1.0">0.25</parameter>
#                    </frequencies>
#                </substModel>
#            </siteModel>
#            <branchRateModel id="StrictClock.c:twin_alignment_evidence" spec="beast.evolution.branchratemodel.StrictClockModel">
#                <parameter estimate="false" id="clockRate.c:twin_alignment_evidence" name="clock.rate" spec="beast.core.parameter.RealParameter">1.0</parameter>
#            </branchRateModel>
#        </distribution>
#    </distribution>
#</input>
#
Sample	NSlikelihood	posterior	likelihood	prior	treeLikelihood	TreeHeight	kappa	freqParameter.1	freqParameter.2	freqParameter.3	freqParameter.4	BirthDeath	BDBirthRate	BDDeathRate
0	-10551.528036500824	-10546.975496039699	-10551.528036500824	4.552540461125842	-10551.528036500824	0.12202381535885005	4.524558813743022	0.23541185702943884	0.25603423324297647	0.27211289705443975	0.23644101267314502	7.287218043744111	4.901482422927147	0.4767621930816111
1	-8064.302656632723	-8064.816762538722	-8064.302656632723	-0.514105905999346	-8064.302656632723	0.31162401269351897	4.486315449466867	0.25206278496327283	0.24858190029222071	0.2653133689169743	0.2340419458275322	2.2093384321685168	3.9024768182926866	0.10737094117958029
2	-7589.820693166347	-7592.681303665039	-7589.820693166347	-2.860610498691905	-7589.820693166347	0.38120544598286615	5.064429526780449	0.26101197393822695	0.23885314304578087	0.2653133689169743	0.23482151409901797	0.027612122081478674	5.38600055194847	0.3081813871619552
3	-7354.740373323038	-7355.197730059555	-7354.740373323038	-0.4573567365176323	-7354.740373323038	0.39841008809633	0.8122168684824196	0.2807678272294423	0.23885314304578087	0.26120585704479765	0.21917317267997927	0.9436925744151183	1.9750680962200513	0.21152843566155347
4	-7333.868985210655	-7338.439675233339	-7333.868985210655	-4.570690022683141	-7333.868985210655	0.7141183365395927	0.4605392656862253	0.2896785948444311	0.23179530262478196	0.26421029868864615	0.21431580384214094	-3.1953593236635074	0.7745380875698229	0.36875809454998554
5	-6855.015913138682	-6857.5214603100985	-6855.015913138682	-2.505547171416592	-6855.015913138682	0.527645403575641	1.1802753497174678	0.2902764612112665	0.22545849672213727	0.26246732472155593	0.22179771734504047	-0.9750047516262887	1.8471771586202286	0.24707805522159107
6	-6842.315836394201	-6849.988538073383	-6842.315836394201	-7.672701679182032	-6842.315836394201	2.017857184486193	1.944439854442029	0.2918197883188307	0.2315141110806273	0.2612214241687449	0.21544467643179727	-5.829728064811103	0.4411259519971906	0.7047397501341844
7	-6720.718867589979	-6725.101804994969	-6720.718867589979	-4.382937404990284	-6720.718867589979	0.7263916956599776	0.7070118893032606	0.27864716862929517	0.23913718403302703	0.26086097351299314	0.22135467382468488	-3.007204112466127	1.7473261093603405	0.2316955265612343
8	-6629.818390332015	-6634.765691966131	-6629.818390332015	-4.947301634116398	-6629.818390332015	0.6170558333766223	1.7785400688347144	0.2919236505318452	0.23829677943642044	0.2451393375392179	0.22464023249251666	-3.1718421596743793	2.28125135805621	0.33809138918580983
9	-6493.4765570424415	-6496.019945552839	-6493.4765570424415	-2.543388510397353	-6493.4765570424415	0.49843692287189834	1.2940396470232995	0.3316047040097073	0.24014561899965645	0.2049622980522054	0.22328737893843104	-0.967247318284618	2.7053728159956063	0.0991421971221467
10	-6489.836790006382	-6492.800120450425	-6489.836790006382	-2.9633304440435104	-6489.836790006382	0.6239557801684672	0.460048687122598	0.3341138984059573	0.24966464510294925	0.1835210525050802	0.23270040398601352	-1.5878541899097318	1.444311871712418	0.43193295278489435
11	-6381.325068200566	-6384.060799962352	-6381.325068200566	-2.7357317617850154	-6381.325068200566	0.7089881412472145	0.7645252433023322	0.3449350160347995	0.2430033332119413	0.17840428588847915	0.2336573648647803	-1.347240201445338	1.8907741258863278	0.4154419259964944
12	-6381.011606402227	-6385.568078444495	-6381.011606402227	-4.556472042268283	-6381.011606402227	0.6893528921884848	1.2821052655539604	0.33574794039102324	0.25315660103953297	0.17947598251192068	0.2316194760575234	-2.985167438989544	4.256559408046518	0.20704173667651155
13	-6354.13777504296	-6359.297345562396	-6354.13777504296	-5.159570519435581	-6354.13777504296	0.7821268201359046	0.8457616161543127	0.32641914404644806	0.26248539738410814	0.1865843795235521	0.22451107904589196	-3.748814918648242	3.456233667660055	0.3738489317652614
14	-6318.791526814253	-6326.0650128980205	-6318.791526814253	-7.273486083767107	-6318.791526814253	1.5086778540870605	1.4845078710279005	0.3142942193707091	0.2778447244497712	0.184029572251239	0.22383148392828103	-5.6192249401557905	0.6529356576428329	0.8965364854294161
15	-6312.755923256447	-6316.948031180326	-6312.755923256447	-4.192107923879028	-6312.755923256447	0.8519119431510747	1.2256289637325797	0.31330110280793844	0.27043830664051255	0.18991118979010596	0.2263494007614434	-2.6435363952045017	1.5858853221079234	0.3008701085326077
16	-6305.324649161004	-6308.902806917307	-6305.324649161004	-3.578157756302928	-6305.324649161004	0.8410023821445441	1.2656789881795834	0.30734986685568283	0.27043830664051255	0.1958624257423616	0.2263494007614434	-2.0134928585748058	2.442090406832618	0.22392658582468838
17	-6302.312890978193	-6305.129246046353	-6302.312890978193	-2.8163550681605702	-6302.312890978193	0.6572745220281591	0.9433062604248632	0.30523939799930955	0.26051354827032336	0.21619371645777966	0.2180533372725878	-1.374194078813907	0.9319745603859901	0.5740145205701139
18	-6297.703278753201	-6301.363959899349	-6297.703278753201	-3.660681146147563	-6297.703278753201	0.7250340543366134	1.5645703146212273	0.3114162954699356	0.2472798984815365	0.2165638778880013	0.224739928160527	-1.9733451605717074	1.1349885050540551	0.20653167751392745
19	-6288.3942232876025	-6292.085435755128	-6288.3942232876025	-3.6912124675251845	-6288.3942232876025	0.9505426833027593	0.9863438190840891	0.31912657781005477	0.2421214185171251	0.2140872282200928	0.22466477545272778	-2.234019982840105	1.4087365401559313	0.45852891143331026
20	-6286.924726670545	-6290.870925749437	-6286.924726670545	-3.9461990788925365	-6286.924726670545	0.9130464619797354	1.275786640177988	0.31059222741458836	0.2569215292827854	0.21940456305631778	0.21308168024630897	-2.377450995277315	1.61053515723593	0.29062787518842903
21	-6280.720214005869	-6285.655250083856	-6280.720214005869	-4.935036077986952	-6280.720214005869	1.0066133106463135	1.2587088294711375	0.31415313457077926	0.24435515825581164	0.22107493151280436	0.22041677566060527	-3.3731821400629336	1.9537379019783212	0.19939252589346682
22	-6273.07089871047	-6277.036354898723	-6273.07089871047	-3.9654561882539063	-6273.07089871047	0.9917634084206396	1.1166484521696858	0.30915411097875295	0.24435515825581164	0.2274369424365382	0.21905378832889766	-2.459759285234392	1.4341930649603143	0.08782892803355015
23	-6268.8535516531465	-6272.665503612044	-6268.8535516531465	-3.8119519588975166	-6268.8535516531465	0.8566188171813515	1.3955678624607755	0.2911196879846015	0.25197830812660893	0.2350616245294423	0.2218403793593477	-2.194332625618445	2.070334941959073	0.36615663243465263
24	-6265.230470278111	-6271.072497658581	-6265.230470278111	-5.842027380469967	-6265.230470278111	1.4671952427598287	1.3955678624607755	0.2797613255893741	0.26085200389783975	0.22197743904641576	0.2374092314663708	-4.224408047190896	1.492215263065382	0.29674736945968166
25	-6263.058822680121	-6267.7158908303845	-6263.058822680121	-4.657068150263134	-6263.058822680121	1.0527960446897344	1.7025429953649664	0.2816340841405298	0.23510359153649357	0.23832731979529032	0.2449350045276867	-2.912812212773084	0.5873224010254304	0.7632046952772694
26	-6259.320808667141	-6264.648631603571	-6259.320808667141	-5.327822936429738	-6259.320808667141	0.7975555332728568	1.2072807679767577	0.2736076868556585	0.24603579131997277	0.25028123151170784	0.23007529031266127	-3.7865727543111176	1.0699468521398399	0.8656852641174678
27	-6252.111991171645	-6256.648922704352	-6252.111991171645	-4.536931532707093	-6252.111991171645	1.2175646950194483	1.291354259205413	0.2614391514564399	0.2472440452031688	0.23809315570866893	0.2532236476317228	-2.961879512300068	0.85282385410488	0.5171485720194631
28	-6241.400790959608	-6246.0116892118895	-6241.400790959608	-4.610898252282274	-6241.400790959608	0.9754453926162452	1.0841357099761506	0.26424386837311076	0.23704762198933418	0.2374646239997343	0.2612438856378212	-3.117645965380315	0.22627915705671153	0.8596112247299932
29	-6241.136315074661	-6245.985339698593	-6241.136315074661	-4.8490246239320145	-6241.136315074661	1.0002336703661707	1.0777004612293997	0.2590487211771513	0.24200627285367	0.2363336287036424	0.26261137726553674	-3.3582120661308674	0.6637785834225426	0.33913680469233803
30	-6240.237585294785	-6244.675045042489	-6240.237585294785	-4.437459747703636	-6240.237585294785	0.9934523381111572	1.3484578278678574	0.26628790385293566	0.23802015368977822	0.23712835572085034	0.2585635867364362	-2.8391505205913683	1.050865373422305	0.08192042349395887
31	-6239.285735016014	-6245.023777800123	-6239.285735016014	-5.738042784108817	-6239.285735016014	1.148712821480562	1.3484578278678574	0.2668331197243581	0.23182262757756478	0.24332588183306378	0.2580183708650138	-4.139733556996549	2.2857397657022904	0.3177696983130249
32	-6239.19109856936	-6243.47070450582	-6239.19109856936	-4.279605936459939	-6239.19109856936	1.0028544268581285	1.1193753005272258	0.2583593869721937	0.23182262757756478	0.2530374712006842	0.2567805142495577	-2.7728568591630065	0.6848361518059989	0.5761215146998101
33	-6238.808137059343	-6242.924626900687	-6238.808137059343	-4.116489841344254	-6238.808137059343	1.016616906546825	1.2039617842269277	0.25314546985309055	0.2354304171895342	0.259215874192539	0.2522082387648366	-2.5765601721950895	1.5833792750381175	0.15359942376797048
34	-6238.286638127105	-6242.438352564869	-6238.286638127105	-4.151714437763591	-6238.286638127105	0.9708145513831434	1.1015077904116675	0.25314546985309055	0.2354304171895342	0.259215874192539	0.2522082387648366	-2.6518365230431398	1.1020098453951481	0.23980196970239376
35	-6237.40981063864	-6242.050682680947	-6237.40981063864	-4.640872042307183	-6237.40981063864	1.059244266151777	1.238499297030163	0.25579503132891057	0.24659729915213657	0.2534574788945513	0.24415019062440196	-3.087144730662468	1.9769618077215696	0.19487897160479692
36	-6237.3043153144345	-6241.70610945948	-6237.3043153144345	-4.401794145045197	-6237.3043153144345	1.0123740092618176	1.238499297030163	0.25369621021328537	0.24853907701286984	0.2534574788945513	0.24430723387929393	-2.8480668334004817	1.0434563605904044	0.19449433756170723
37	-6237.06545137257	-6241.401975740244	-6237.06545137257	-4.336524367673441	-6237.06545137257	1.0555620790008502	1.238499297030163	0.2615648123618943	0.2489006009236056	0.24522735283520652	0.24430723387929393	-2.782797056028726	1.2827552159802114	0.1262530625571308
38	-6236.707882153574	-6242.681621125215	-6236.707882153574	-5.9737389716412554	-6236.707882153574	1.092283825380243	1.1436854134576446	0.25146580674617497	0.24951566415085416	0.24844473701199724	0.250573792090974	-4.457556890941044	3.059297302368981	0.04667333128821017
39	-6236.651056237118	-6242.368175758612	-6236.651056237118	-5.717119521494276	-6236.651056237118	0.9798602993803807	1.1436854134576446	0.2516646428615076	0.24951566415085416	0.24232971471051135	0.25648997827712733	-4.200937440794064	2.8435675053356504	0.35586394678280914
40	-6235.823114408905	-6240.18669628406	-6235.823114408905	-4.363581875155409	-6235.823114408905	1.0803486159441476	1.1436854134576446	0.25009183209670893	0.24881690179801158	0.24479405192818016	0.2562972141770997	-2.847399794455197	1.4522754091222563	0.28728450316539156
41	-6235.711979268661	-6240.432975220309	-6235.711979268661	-4.72099595164873	-6235.711979268661	1.0855006095896307	1.1436854134576446	0.25175637591117134	0.2452202238465795	0.24420864844296766	0.25881475179928193	-3.2048138709485183	2.1073384345731934	0.08758921618269735
42	-6235.68590041543	-6241.143312505816	-6235.68590041543	-5.457412090385544	-6235.68590041543	1.079401742055083	1.1436854134576446	0.2507212884868394	0.2452202238465795	0.2452437358672996	0.25881475179928193	-3.941230009685332	1.5415487041644496	0.6870356910763096
43	-6235.6172255803185	-6240.491330434254	-6235.6172255803185	-4.874104853935746	-6235.6172255803185	1.0412155444142652	1.1436854134576446	0.2510536139325018	0.2452202238465795	0.2452437358672996	0.2584824263536195	-3.3579227732355337	0.4575425660340434	0.5865039933327184
44	-6235.5830269667895	-6240.340062098738	-6235.5830269667895	-4.757035131947909	-6235.5830269667895	1.0508195533976967	1.165884902573628	0.2510536139325018	0.2467373599950056	0.24520972184362985	0.2569993042288632	-3.2321621217721384	1.7507605129425556	0.45521516008306073
45	-6235.577081562521	-6240.063854434322	-6235.577081562521	-4.486772871800629	-6235.577081562521	1.0797443537175482	1.165884902573628	0.2575797540081429	0.24021121991936448	0.24896405729726406	0.253244968775229	-2.961899861624859	0.7265502095611451	0.5205948006115585
46	-6235.5719432439755	-6242.713350642592	-6235.5719432439755	-7.141407398616283	-6235.5719432439755	1.0823013123792404	1.165884902573628	0.25294784314164875	0.24484313078585868	0.24896405729726406	0.253244968775229	-5.616534388440513	2.1893497717190655	0.7164838184501231
47	-6235.50674262416	-6240.165035638937	-6235.50674262416	-4.658293014776678	-6235.50674262416	1.0567244278625192	1.165884902573628	0.25294784314164875	0.24484313078585868	0.24896405729726406	0.253244968775229	-3.1334200046009077	0.6126779326398437	0.8364089448132526
48	-6235.496149952088	-6241.293171887413	-6235.496149952088	-5.797021935325908	-6235.496149952088	1.0721563809915882	1.165884902573628	0.25204251107513714	0.2462359678051262	0.24847655234450816	0.253244968775229	-4.272148925150138	2.904776809278775	0.12429382388464234
49	-6235.488497339384	-6240.079270992753	-6235.488497339384	-4.5907736533686245	-6235.488497339384	1.0696298512710514	1.165884902573628	0.25622300992983726	0.2420086955560592	0.24847655234450816	0.2532917421695958	-3.0659006431928546	2.0385653497585703	0.08868754312312509
50	-6235.462744090336	-6241.176805004611	-6235.462744090336	-5.714060914274869	-6235.462744090336	1.0792753387969958	1.1456134832110167	0.25622300992983726	0.2439075672643516	0.24657768063621577	0.2532917421695958	-4.197126802840701	2.867355893150563	0.09678785331864284
51	-6235.408015402293	-6239.925161895015	-6235.408015402293	-4.5171464927215474	-6235.408015402293	1.0711131444734125	1.1456134832110167	0.255325888862613	0.24310524236482023	0.24738000553574713	0.2541888632368201	-3.00021238128738	0.7053983540660156	0.5046385820865673
52	-6235.405750778281	-6240.885155489753	-6235.405750778281	-5.47940471147229	-6235.405750778281	1.0593109947089057	1.1456134832110167	0.255325888862613	0.24310524236482023	0.24776616769391605	0.2538027010786512	-3.962470600038123	0.2098056573765011	0.7676455914491779
53	-6235.404247372443	-6239.9100803382	-6235.404247372443	-4.5058329657567695	-6235.404247372443	1.060308392615865	1.1456134832110167	0.25492544697053626	0.24310524236482023	0.24776616769391605	0.25420314297072794	-2.9888988543226023	0.49657709925069815	0.8464979844694289
54	-6235.397038521123	-6240.196229044397	-6235.397038521123	-4.799190523273836	-6235.397038521123	1.0691857340362378	1.1456134832110167	0.25492544697053626	0.24385531953435757	0.2470160905243787	0.25420314297072794	-3.2822564118396684	0.8418014918732408	0.17521256083802939
55	-6235.396861289574	-6240.285044269825	-6235.396861289574	-4.888182980251218	-6235.396861289574	1.0615617849295733	1.1456134832110167	0.25492544697053626	0.24385531953435757	0.2470160905243787	0.25420314297072794	-3.3712488688170508	2.1262911381706595	0.28198714116323653
56	-6235.396073110979	-6239.848361942019	-6235.396073110979	-4.452288831040111	-6235.396073110979	1.0517031014083233	1.1456134832110167	0.25492544697053626	0.24385531953435757	0.2470160905243787	0.25420314297072794	-2.935354719605943	0.7694151753704911	0.4509854674355851
57	-6235.39188455622	-6240.5869938877995	-6235.39188455622	-5.195109331579422	-6235.39188455622	1.0690245989385396	1.1651387353997236	0.25492544697053626	0.24385531953435757	0.2470160905243787	0.25420314297072794	-3.6705295500216	2.628915815793087	0.02139082276863587
